2025-11-20 02:10:26,402 - __main__ - INFO - üöÄ Starting Chrome Driver and Provider Tests
2025-11-20 02:10:26,402 - __main__ - INFO - Test started at: 2025-11-20 02:10:26.402412
2025-11-20 02:10:26,402 - __main__ - INFO - ==================================================
2025-11-20 02:10:26,402 - __main__ - INFO - Testing configuration loading...
2025-11-20 02:10:26,402 - __main__ - INFO - ‚úÖ Configuration loaded successfully
2025-11-20 02:10:26,402 - __main__ - INFO -   Scrapers: ['immoscout', 'wg_gesucht']
2025-11-20 02:10:26,402 - __main__ - INFO -   Contact discovery enabled: True
2025-11-20 02:10:26,402 - __main__ - INFO - ==================================================
2025-11-20 02:10:26,402 - __main__ - INFO - Testing basic Chrome driver...
2025-11-20 02:10:26,603 - mafa.driver - INFO - Initializing Chrome driver...
2025-11-20 02:10:26,603 - WDM - INFO - ====== WebDriver manager ======
2025-11-20 02:10:26,865 - WDM - INFO - Get LATEST chromedriver version for google-chrome
2025-11-20 02:10:26,866 - WDM - INFO - Get LATEST chromedriver version for google-chrome
2025-11-20 02:10:26,866 - WDM - INFO - There is no [mac64] chromedriver "142.0.7444.176" for browser google-chrome "142.0.7444.176" in cache
2025-11-20 02:10:26,871 - WDM - INFO - Get LATEST chromedriver version for google-chrome
2025-11-20 02:10:27,054 - WDM - INFO - WebDriver version 142.0.7444.175 selected
2025-11-20 02:10:27,057 - WDM - INFO - Modern chrome version https://storage.googleapis.com/chrome-for-testing-public/142.0.7444.175/mac-arm64/chromedriver-mac-arm64.zip
2025-11-20 02:10:27,057 - WDM - INFO - About to download new driver from https://storage.googleapis.com/chrome-for-testing-public/142.0.7444.175/mac-arm64/chromedriver-mac-arm64.zip
2025-11-20 02:10:27,257 - WDM - INFO - Driver downloading response is 200
2025-11-20 02:10:28,745 - WDM - INFO - Get LATEST chromedriver version for google-chrome
2025-11-20 02:10:28,834 - WDM - INFO - Driver has been saved in cache [/Users/dinz/.wdm/drivers/chromedriver/mac64/142.0.7444.176]
2025-11-20 02:10:28,839 - mafa.driver - ERROR - Failed to initialize Chrome driver: [Errno 8] Exec format error: '/Users/dinz/.wdm/drivers/chromedriver/mac64/142.0.7444.176/chromedriver-mac-arm64/THIRD_PARTY_NOTICES.chromedriver'
2025-11-20 02:10:28,839 - __main__ - ERROR - ‚ùå Basic driver test failed: Chrome driver initialization failed: [Errno 8] Exec format error: '/Users/dinz/.wdm/drivers/chromedriver/mac64/142.0.7444.176/chromedriver-mac-arm64/THIRD_PARTY_NOTICES.chromedriver'
2025-11-20 02:10:28,839 - __main__ - INFO - ==================================================
2025-11-20 02:10:28,839 - __main__ - INFO - Testing ImmoScout24 provider...
2025-11-20 02:10:29,389 - __main__ - INFO - Provider initialized with URL: https://www.immobilienscout24.de/Suche/de/bayern/muenchen/wohnung-mieten
2025-11-20 02:10:29,389 - mwa_core.providers.immoscout - INFO - ImmoScout scraping attempt 1/2
2025-11-20 02:10:29,389 - mafa.driver - INFO - Initializing Chrome driver...
2025-11-20 02:10:29,389 - WDM - INFO - ====== WebDriver manager ======
2025-11-20 02:10:29,566 - WDM - INFO - Get LATEST chromedriver version for google-chrome
2025-11-20 02:10:29,567 - WDM - INFO - Get LATEST chromedriver version for google-chrome
2025-11-20 02:10:29,567 - WDM - INFO - There is no [mac64] chromedriver "142.0.7444.176" for browser google-chrome "142.0.7444.176" in cache
2025-11-20 02:10:29,567 - WDM - INFO - Get LATEST chromedriver version for google-chrome
2025-11-20 02:10:29,705 - WDM - INFO - WebDriver version 142.0.7444.175 selected
2025-11-20 02:10:29,708 - WDM - INFO - Modern chrome version https://storage.googleapis.com/chrome-for-testing-public/142.0.7444.175/mac-arm64/chromedriver-mac-arm64.zip
2025-11-20 02:10:29,708 - WDM - INFO - About to download new driver from https://storage.googleapis.com/chrome-for-testing-public/142.0.7444.175/mac-arm64/chromedriver-mac-arm64.zip
2025-11-20 02:10:29,758 - WDM - INFO - Driver downloading response is 200
2025-11-20 02:10:31,272 - WDM - INFO - Get LATEST chromedriver version for google-chrome
2025-11-20 02:10:31,345 - WDM - INFO - Driver has been saved in cache [/Users/dinz/.wdm/drivers/chromedriver/mac64/142.0.7444.176]
2025-11-20 02:10:31,351 - mafa.driver - ERROR - Failed to initialize Chrome driver: [Errno 8] Exec format error: '/Users/dinz/.wdm/drivers/chromedriver/mac64/142.0.7444.176/chromedriver-mac-arm64/THIRD_PARTY_NOTICES.chromedriver'
2025-11-20 02:10:31,351 - mwa_core.providers.immoscout - ERROR - Driver error on attempt 1: Chrome driver initialization failed: [Errno 8] Exec format error: '/Users/dinz/.wdm/drivers/chromedriver/mac64/142.0.7444.176/chromedriver-mac-arm64/THIRD_PARTY_NOTICES.chromedriver'
2025-11-20 02:10:31,351 - mwa_core.providers.immoscout - INFO - Retrying in 2 seconds...
2025-11-20 02:10:33,356 - mwa_core.providers.immoscout - INFO - ImmoScout scraping attempt 2/2
2025-11-20 02:10:33,357 - mafa.driver - INFO - Initializing Chrome driver...
2025-11-20 02:10:33,358 - WDM - INFO - ====== WebDriver manager ======
2025-11-20 02:10:33,534 - WDM - INFO - Get LATEST chromedriver version for google-chrome
2025-11-20 02:10:33,535 - WDM - INFO - Get LATEST chromedriver version for google-chrome
2025-11-20 02:10:33,535 - WDM - INFO - There is no [mac64] chromedriver "142.0.7444.176" for browser google-chrome "142.0.7444.176" in cache
2025-11-20 02:10:33,535 - WDM - INFO - Get LATEST chromedriver version for google-chrome
2025-11-20 02:10:33,608 - WDM - INFO - WebDriver version 142.0.7444.175 selected
2025-11-20 02:10:33,611 - WDM - INFO - Modern chrome version https://storage.googleapis.com/chrome-for-testing-public/142.0.7444.175/mac-arm64/chromedriver-mac-arm64.zip
2025-11-20 02:10:33,611 - WDM - INFO - About to download new driver from https://storage.googleapis.com/chrome-for-testing-public/142.0.7444.175/mac-arm64/chromedriver-mac-arm64.zip
2025-11-20 02:10:33,661 - WDM - INFO - Driver downloading response is 200
2025-11-20 02:10:35,173 - WDM - INFO - Get LATEST chromedriver version for google-chrome
2025-11-20 02:10:35,268 - WDM - INFO - Driver has been saved in cache [/Users/dinz/.wdm/drivers/chromedriver/mac64/142.0.7444.176]
2025-11-20 02:10:35,273 - mafa.driver - ERROR - Failed to initialize Chrome driver: [Errno 8] Exec format error: '/Users/dinz/.wdm/drivers/chromedriver/mac64/142.0.7444.176/chromedriver-mac-arm64/THIRD_PARTY_NOTICES.chromedriver'
2025-11-20 02:10:35,274 - mwa_core.providers.immoscout - ERROR - Driver error on attempt 2: Chrome driver initialization failed: [Errno 8] Exec format error: '/Users/dinz/.wdm/drivers/chromedriver/mac64/142.0.7444.176/chromedriver-mac-arm64/THIRD_PARTY_NOTICES.chromedriver'
2025-11-20 02:10:35,274 - mwa_core.providers.immoscout - ERROR - All attempts failed. Last error: Chrome driver initialization failed: [Errno 8] Exec format error: '/Users/dinz/.wdm/drivers/chromedriver/mac64/142.0.7444.176/chromedriver-mac-arm64/THIRD_PARTY_NOTICES.chromedriver'
2025-11-20 02:10:35,274 - __main__ - INFO - ‚úÖ ImmoScout scraping completed: 0 listings found
2025-11-20 02:10:35,274 - __main__ - INFO - ==================================================
2025-11-20 02:10:35,274 - __main__ - INFO - Testing WG-Gesucht provider...
2025-11-20 02:10:35,274 - __main__ - INFO - Provider initialized with URL: https://www.wg-gesucht.de/wg-gesucht/muenchen.html
2025-11-20 02:10:35,274 - mwa_core.providers.wg_gesucht - INFO - WG-Gesucht scraping attempt 1/2
2025-11-20 02:10:35,274 - mafa.driver - INFO - Initializing Chrome driver...
2025-11-20 02:10:35,274 - WDM - INFO - ====== WebDriver manager ======
2025-11-20 02:10:35,426 - WDM - INFO - Get LATEST chromedriver version for google-chrome
2025-11-20 02:10:35,427 - WDM - INFO - Get LATEST chromedriver version for google-chrome
2025-11-20 02:10:35,427 - WDM - INFO - There is no [mac64] chromedriver "142.0.7444.176" for browser google-chrome "142.0.7444.176" in cache
2025-11-20 02:10:35,427 - WDM - INFO - Get LATEST chromedriver version for google-chrome
2025-11-20 02:10:35,499 - WDM - INFO - WebDriver version 142.0.7444.175 selected
2025-11-20 02:10:35,502 - WDM - INFO - Modern chrome version https://storage.googleapis.com/chrome-for-testing-public/142.0.7444.175/mac-arm64/chromedriver-mac-arm64.zip
2025-11-20 02:10:35,502 - WDM - INFO - About to download new driver from https://storage.googleapis.com/chrome-for-testing-public/142.0.7444.175/mac-arm64/chromedriver-mac-arm64.zip
2025-11-20 02:10:35,555 - WDM - INFO - Driver downloading response is 200
2025-11-20 02:10:37,259 - WDM - INFO - Get LATEST chromedriver version for google-chrome
2025-11-20 02:10:37,354 - WDM - INFO - Driver has been saved in cache [/Users/dinz/.wdm/drivers/chromedriver/mac64/142.0.7444.176]
2025-11-20 02:10:37,360 - mafa.driver - ERROR - Failed to initialize Chrome driver: [Errno 8] Exec format error: '/Users/dinz/.wdm/drivers/chromedriver/mac64/142.0.7444.176/chromedriver-mac-arm64/THIRD_PARTY_NOTICES.chromedriver'
2025-11-20 02:10:37,360 - mwa_core.providers.wg_gesucht - ERROR - Driver error on attempt 1: Chrome driver initialization failed: [Errno 8] Exec format error: '/Users/dinz/.wdm/drivers/chromedriver/mac64/142.0.7444.176/chromedriver-mac-arm64/THIRD_PARTY_NOTICES.chromedriver'
2025-11-20 02:10:37,360 - mwa_core.providers.wg_gesucht - INFO - Retrying in 2 seconds...
2025-11-20 02:10:39,364 - mwa_core.providers.wg_gesucht - INFO - WG-Gesucht scraping attempt 2/2
2025-11-20 02:10:39,370 - mafa.driver - INFO - Initializing Chrome driver...
2025-11-20 02:10:39,371 - WDM - INFO - ====== WebDriver manager ======
2025-11-20 02:10:39,551 - WDM - INFO - Get LATEST chromedriver version for google-chrome
2025-11-20 02:10:39,551 - WDM - INFO - Get LATEST chromedriver version for google-chrome
2025-11-20 02:10:39,551 - WDM - INFO - There is no [mac64] chromedriver "142.0.7444.176" for browser google-chrome "142.0.7444.176" in cache
2025-11-20 02:10:39,551 - WDM - INFO - Get LATEST chromedriver version for google-chrome
2025-11-20 02:10:39,648 - WDM - INFO - WebDriver version 142.0.7444.175 selected
2025-11-20 02:10:39,651 - WDM - INFO - Modern chrome version https://storage.googleapis.com/chrome-for-testing-public/142.0.7444.175/mac-arm64/chromedriver-mac-arm64.zip
2025-11-20 02:10:39,651 - WDM - INFO - About to download new driver from https://storage.googleapis.com/chrome-for-testing-public/142.0.7444.175/mac-arm64/chromedriver-mac-arm64.zip
2025-11-20 02:10:39,706 - WDM - INFO - Driver downloading response is 200
2025-11-20 02:10:41,188 - WDM - INFO - Get LATEST chromedriver version for google-chrome
2025-11-20 02:10:41,280 - WDM - INFO - Driver has been saved in cache [/Users/dinz/.wdm/drivers/chromedriver/mac64/142.0.7444.176]
2025-11-20 02:10:41,286 - mafa.driver - ERROR - Failed to initialize Chrome driver: [Errno 8] Exec format error: '/Users/dinz/.wdm/drivers/chromedriver/mac64/142.0.7444.176/chromedriver-mac-arm64/THIRD_PARTY_NOTICES.chromedriver'
2025-11-20 02:10:41,286 - mwa_core.providers.wg_gesucht - ERROR - Driver error on attempt 2: Chrome driver initialization failed: [Errno 8] Exec format error: '/Users/dinz/.wdm/drivers/chromedriver/mac64/142.0.7444.176/chromedriver-mac-arm64/THIRD_PARTY_NOTICES.chromedriver'
2025-11-20 02:10:41,286 - mwa_core.providers.wg_gesucht - ERROR - All attempts failed. Last error: Chrome driver initialization failed: [Errno 8] Exec format error: '/Users/dinz/.wdm/drivers/chromedriver/mac64/142.0.7444.176/chromedriver-mac-arm64/THIRD_PARTY_NOTICES.chromedriver'
2025-11-20 02:10:41,286 - __main__ - INFO - ‚úÖ WG-Gesucht scraping completed: 0 listings found
2025-11-20 02:10:41,286 - __main__ - INFO - ==================================================
2025-11-20 02:10:41,286 - __main__ - INFO - TEST SUMMARY
2025-11-20 02:10:41,286 - __main__ - INFO - ==================================================
2025-11-20 02:10:41,286 - __main__ - INFO - Configuration Loading: ‚úÖ PASSED
2025-11-20 02:10:41,286 - __main__ - INFO - Basic Chrome Driver: ‚ùå FAILED
2025-11-20 02:10:41,286 - __main__ - INFO - ImmoScout24 Provider: ‚ùå FAILED
2025-11-20 02:10:41,286 - __main__ - INFO - WG-Gesucht Provider: ‚ùå FAILED
2025-11-20 02:10:41,286 - __main__ - INFO - ==================================================
2025-11-20 02:10:41,286 - __main__ - INFO - Total: 4 tests | Passed: 1 | Failed: 3
2025-11-20 02:10:41,286 - __main__ - ERROR - ‚ö†Ô∏è  3 test(s) failed. Check the logs for details.
